2018/07/10 10:37:09 [error] [exception.CDbException] CDbException: CDbConnection failed to open the DB connection: SQLSTATE[HY000] [1045] Access denied for user 'root'@'localhost' (using password: YES) in C:\xampp\htdocs\yii-1.1.19.5790cb\framework\db\CDbConnection.php:399
Stack trace:
#0 C:\xampp\htdocs\yii-1.1.19.5790cb\framework\db\CDbConnection.php(347): CDbConnection->open()
#1 C:\xampp\htdocs\yii-1.1.19.5790cb\framework\db\CDbConnection.php(325): CDbConnection->setActive(true)
#2 C:\xampp\htdocs\yii-1.1.19.5790cb\framework\base\CModule.php(394): CDbConnection->init()
#3 C:\xampp\htdocs\yii-1.1.19.5790cb\framework\cli\commands\MigrateCommand.php(472): CModule->getComponent('db')
#4 C:\xampp\htdocs\yii-1.1.19.5790cb\framework\cli\commands\MigrateCommand.php(481): MigrateCommand->getDbConnection()
#5 C:\xampp\htdocs\yii-1.1.19.5790cb\framework\cli\commands\MigrateCommand.php(512): MigrateCommand->getMigrationHistory(-1)
#6 C:\xampp\htdocs\yii-1.1.19.5790cb\framework\cli\commands\MigrateCommand.php(84): MigrateCommand->getNewMigrations()
#7 [internal function]: MigrateCommand->actionUp(Array)
#8 C:\xampp\htdocs\yii-1.1.19.5790cb\framework\console\CConsoleCommand.php(172): ReflectionMethod->invokeArgs(Object(MigrateCommand), Array)
#9 C:\xampp\htdocs\yii-1.1.19.5790cb\framework\console\CConsoleCommandRunner.php(71): CConsoleCommand->run(Array)
#10 C:\xampp\htdocs\yii-1.1.19.5790cb\framework\console\CConsoleApplication.php(92): CConsoleCommandRunner->run(Array)
#11 C:\xampp\htdocs\yii-1.1.19.5790cb\framework\base\CApplication.php(185): CConsoleApplication->processRequest()
#12 C:\xampp\htdocs\yii-1.1.19.5790cb\framework\yiic.php(33): CApplication->run()
#13 C:\xampp\htdocs\PrinterManager\protected\yiic.php(7): require_once('C:\\xampp\\htdocs...')
#14 {main}
---
2018/07/10 10:37:20 [error] [system.db.CDbCommand] CDbCommand::fetchAll() failed: SQLSTATE[42S02]: Base table or view not found: 1146 Table 'printer_db.tbl_migration' doesn't exist. The SQL statement executed was: SHOW FULL COLUMNS FROM `tbl_migration`.
2018/07/10 11:14:23 [error] [exception.CException] CException: Alias "zii.widgets.grid.GridView" is invalid. Make sure it points to an existing PHP file and the file is readable. in C:\xampp\htdocs\yii-1.1.19.5790cb\framework\YiiBase.php:323
Stack trace:
#0 C:\xampp\htdocs\yii-1.1.19.5790cb\framework\web\CWidgetFactory.php(146): YiiBase::import('zii.widgets.gri...', true)
#1 C:\xampp\htdocs\yii-1.1.19.5790cb\framework\web\CBaseController.php(146): CWidgetFactory->createWidget(Object(RoomController), 'zii.widgets.gri...', Array)
#2 C:\xampp\htdocs\yii-1.1.19.5790cb\framework\web\CBaseController.php(181): CBaseController->createWidget('zii.widgets.gri...', Array)
#3 C:\xampp\htdocs\PrinterManager\protected\views\room\index.php(6): CBaseController->widget('zii.widgets.gri...', Array)
#4 C:\xampp\htdocs\yii-1.1.19.5790cb\framework\web\CBaseController.php(126): require('C:\\xampp\\htdocs...')
#5 C:\xampp\htdocs\yii-1.1.19.5790cb\framework\web\CBaseController.php(95): CBaseController->renderInternal('C:\\xampp\\htdocs...', NULL, true)
#6 C:\xampp\htdocs\yii-1.1.19.5790cb\framework\web\CController.php(872): CBaseController->renderFile('C:\\xampp\\htdocs...', NULL, true)
#7 C:\xampp\htdocs\yii-1.1.19.5790cb\framework\web\CController.php(785): CController->renderPartial('index', NULL, true)
#8 C:\xampp\htdocs\PrinterManager\protected\controllers\RoomController.php(6): CController->render('index')
#9 C:\xampp\htdocs\yii-1.1.19.5790cb\framework\web\actions\CInlineAction.php(49): RoomController->actionIndex()
#10 C:\xampp\htdocs\yii-1.1.19.5790cb\framework\web\CController.php(308): CInlineAction->runWithParams(Array)
#11 C:\xampp\htdocs\yii-1.1.19.5790cb\framework\web\CController.php(286): CController->runAction(Object(CInlineAction))
#12 C:\xampp\htdocs\yii-1.1.19.5790cb\framework\web\CController.php(265): CController->runActionWithFilters(Object(CInlineAction), Array)
#13 C:\xampp\htdocs\yii-1.1.19.5790cb\framework\web\CWebApplication.php(282): CController->run('')
#14 C:\xampp\htdocs\yii-1.1.19.5790cb\framework\web\CWebApplication.php(141): CWebApplication->runController('room')
#15 C:\xampp\htdocs\yii-1.1.19.5790cb\framework\base\CApplication.php(185): CWebApplication->processRequest()
#16 C:\xampp\htdocs\PrinterManager\index.php(13): CApplication->run()
#17 {main}
REQUEST_URI=/printermanager/index.php?r=room
---
2018/07/10 11:29:55 [error] [exception.CHttpException.404] CHttpException: The system is unable to find the requested action "index.php?r=room". in C:\xampp\htdocs\yii-1.1.19.5790cb\framework\web\CController.php:486
Stack trace:
#0 C:\xampp\htdocs\yii-1.1.19.5790cb\framework\web\CController.php(270): CController->missingAction('index.php?r=roo...')
#1 C:\xampp\htdocs\yii-1.1.19.5790cb\framework\web\CWebApplication.php(282): CController->run('index.php?r=roo...')
#2 C:\xampp\htdocs\yii-1.1.19.5790cb\framework\web\CWebApplication.php(141): CWebApplication->runController('site/index.php?...')
#3 C:\xampp\htdocs\yii-1.1.19.5790cb\framework\base\CApplication.php(185): CWebApplication->processRequest()
#4 C:\xampp\htdocs\PrinterManager\index.php(13): CApplication->run()
#5 {main}
REQUEST_URI=/printermanager/index.php?r=site/index.php?r=room
HTTP_REFERER=http://localhost:81/printermanager/index.php?r=room
---
2018/07/10 11:29:59 [error] [exception.CHttpException.404] CHttpException: The system is unable to find the requested action "index.php?r=room". in C:\xampp\htdocs\yii-1.1.19.5790cb\framework\web\CController.php:486
Stack trace:
#0 C:\xampp\htdocs\yii-1.1.19.5790cb\framework\web\CController.php(270): CController->missingAction('index.php?r=roo...')
#1 C:\xampp\htdocs\yii-1.1.19.5790cb\framework\web\CWebApplication.php(282): CController->run('index.php?r=roo...')
#2 C:\xampp\htdocs\yii-1.1.19.5790cb\framework\web\CWebApplication.php(141): CWebApplication->runController('site/index.php?...')
#3 C:\xampp\htdocs\yii-1.1.19.5790cb\framework\base\CApplication.php(185): CWebApplication->processRequest()
#4 C:\xampp\htdocs\PrinterManager\index.php(13): CApplication->run()
#5 {main}
REQUEST_URI=/printermanager/index.php?r=site/index.php?r=room
HTTP_REFERER=http://localhost:81/printermanager/index.php?r=room
---
2018/07/10 11:30:11 [error] [exception.CHttpException.404] CHttpException: The system is unable to find the requested action "index.php?r=room". in C:\xampp\htdocs\yii-1.1.19.5790cb\framework\web\CController.php:486
Stack trace:
#0 C:\xampp\htdocs\yii-1.1.19.5790cb\framework\web\CController.php(270): CController->missingAction('index.php?r=roo...')
#1 C:\xampp\htdocs\yii-1.1.19.5790cb\framework\web\CWebApplication.php(282): CController->run('index.php?r=roo...')
#2 C:\xampp\htdocs\yii-1.1.19.5790cb\framework\web\CWebApplication.php(141): CWebApplication->runController('room/index.php?...')
#3 C:\xampp\htdocs\yii-1.1.19.5790cb\framework\base\CApplication.php(185): CWebApplication->processRequest()
#4 C:\xampp\htdocs\PrinterManager\index.php(13): CApplication->run()
#5 {main}
REQUEST_URI=/printermanager/index.php?r=room/index.php?r=room
HTTP_REFERER=http://localhost:81/printermanager/index.php?r=room
---
2018/07/10 11:30:29 [error] [exception.CHttpException.404] CHttpException: The system is unable to find the requested action "index.php?r=room". in C:\xampp\htdocs\yii-1.1.19.5790cb\framework\web\CController.php:486
Stack trace:
#0 C:\xampp\htdocs\yii-1.1.19.5790cb\framework\web\CController.php(270): CController->missingAction('index.php?r=roo...')
#1 C:\xampp\htdocs\yii-1.1.19.5790cb\framework\web\CWebApplication.php(282): CController->run('index.php?r=roo...')
#2 C:\xampp\htdocs\yii-1.1.19.5790cb\framework\web\CWebApplication.php(141): CWebApplication->runController('site/index.php?...')
#3 C:\xampp\htdocs\yii-1.1.19.5790cb\framework\base\CApplication.php(185): CWebApplication->processRequest()
#4 C:\xampp\htdocs\PrinterManager\index.php(13): CApplication->run()
#5 {main}
REQUEST_URI=/printermanager/index.php?r=site/index.php?r=room
HTTP_REFERER=http://localhost:81/printermanager/index.php?r=site/page&view=about
---
2018/07/10 12:34:03 [error] [exception.CException] CException: Property "RoomController.menu" is not defined. in C:\xampp\htdocs\yii-1.1.19.5790cb\framework\base\CComponent.php:173
Stack trace:
#0 C:\xampp\htdocs\PrinterManager\protected\views\room\index.php(15): CComponent->__set('menu', Array)
#1 C:\xampp\htdocs\yii-1.1.19.5790cb\framework\web\CBaseController.php(126): require('C:\\xampp\\htdocs...')
#2 C:\xampp\htdocs\yii-1.1.19.5790cb\framework\web\CBaseController.php(95): CBaseController->renderInternal('C:\\xampp\\htdocs...', NULL, true)
#3 C:\xampp\htdocs\yii-1.1.19.5790cb\framework\web\CController.php(872): CBaseController->renderFile('C:\\xampp\\htdocs...', NULL, true)
#4 C:\xampp\htdocs\yii-1.1.19.5790cb\framework\web\CController.php(785): CController->renderPartial('index', NULL, true)
#5 C:\xampp\htdocs\PrinterManager\protected\controllers\RoomController.php(6): CController->render('index')
#6 C:\xampp\htdocs\yii-1.1.19.5790cb\framework\web\actions\CInlineAction.php(49): RoomController->actionIndex()
#7 C:\xampp\htdocs\yii-1.1.19.5790cb\framework\web\CController.php(308): CInlineAction->runWithParams(Array)
#8 C:\xampp\htdocs\yii-1.1.19.5790cb\framework\web\CController.php(286): CController->runAction(Object(CInlineAction))
#9 C:\xampp\htdocs\yii-1.1.19.5790cb\framework\web\CController.php(265): CController->runActionWithFilters(Object(CInlineAction), Array)
#10 C:\xampp\htdocs\yii-1.1.19.5790cb\framework\web\CWebApplication.php(282): CController->run('index')
#11 C:\xampp\htdocs\yii-1.1.19.5790cb\framework\web\CWebApplication.php(141): CWebApplication->runController('room/index')
#12 C:\xampp\htdocs\yii-1.1.19.5790cb\framework\base\CApplication.php(185): CWebApplication->processRequest()
#13 C:\xampp\htdocs\PrinterManager\index.php(13): CApplication->run()
#14 {main}
REQUEST_URI=/printermanager/index.php?r=room/index
HTTP_REFERER=http://localhost:81/printermanager/index.php?r=room/index
---
2018/07/10 12:37:47 [error] [php] include(Menu.php): failed to open stream: No such file or directory (C:\xampp\htdocs\yii-1.1.19.5790cb\framework\YiiBase.php:432)
Stack trace:
#0 C:\xampp\htdocs\PrinterManager\protected\views\room\index.php(15): spl_autoload_call()
#1 C:\xampp\htdocs\yii-1.1.19.5790cb\framework\web\CBaseController.php(126): require()
#2 C:\xampp\htdocs\yii-1.1.19.5790cb\framework\web\CBaseController.php(95): RoomController->renderInternal()
#3 C:\xampp\htdocs\yii-1.1.19.5790cb\framework\web\CController.php(872): RoomController->renderFile()
#4 C:\xampp\htdocs\yii-1.1.19.5790cb\framework\web\CController.php(785): RoomController->renderPartial()
#5 C:\xampp\htdocs\PrinterManager\protected\controllers\RoomController.php(6): RoomController->render()
#6 C:\xampp\htdocs\yii-1.1.19.5790cb\framework\web\actions\CInlineAction.php(49): RoomController->actionIndex()
#7 C:\xampp\htdocs\yii-1.1.19.5790cb\framework\web\CController.php(308): CInlineAction->runWithParams()
#8 C:\xampp\htdocs\yii-1.1.19.5790cb\framework\web\CController.php(286): RoomController->runAction()
#9 C:\xampp\htdocs\yii-1.1.19.5790cb\framework\web\CController.php(265): RoomController->runActionWithFilters()
#10 C:\xampp\htdocs\yii-1.1.19.5790cb\framework\web\CWebApplication.php(282): RoomController->run()
#11 C:\xampp\htdocs\yii-1.1.19.5790cb\framework\web\CWebApplication.php(141): CWebApplication->runController()
#12 C:\xampp\htdocs\yii-1.1.19.5790cb\framework\base\CApplication.php(185): CWebApplication->processRequest()
#13 C:\xampp\htdocs\PrinterManager\index.php(13): CWebApplication->run()
REQUEST_URI=/printermanager/index.php?r=room/index
in C:\xampp\htdocs\PrinterManager\protected\views\room\index.php (15)
in C:\xampp\htdocs\PrinterManager\protected\controllers\RoomController.php (6)
in C:\xampp\htdocs\PrinterManager\index.php (13)
2018/07/10 12:40:05 [error] [exception.CException] CException: Property "RoomController.baseScriptUrl" is not defined. in C:\xampp\htdocs\yii-1.1.19.5790cb\framework\base\CComponent.php:130
Stack trace:
#0 C:\xampp\htdocs\yii-1.1.19.5790cb\framework\zii\widgets\grid\CButtonColumn.php(224): CComponent->__get('baseScriptUrl')
#1 C:\xampp\htdocs\yii-1.1.19.5790cb\framework\zii\widgets\grid\CButtonColumn.php(194): CButtonColumn->initDefaultButtons()
#2 C:\xampp\htdocs\yii-1.1.19.5790cb\framework\web\CBaseController.php(147): CButtonColumn->init()
#3 C:\xampp\htdocs\yii-1.1.19.5790cb\framework\web\CBaseController.php(181): CBaseController->createWidget('zii.widgets.gri...', Array)
#4 C:\xampp\htdocs\PrinterManager\protected\views\room\index.php(17): CBaseController->widget('zii.widgets.gri...', Array)
#5 C:\xampp\htdocs\yii-1.1.19.5790cb\framework\web\CBaseController.php(126): require('C:\\xampp\\htdocs...')
#6 C:\xampp\htdocs\yii-1.1.19.5790cb\framework\web\CBaseController.php(95): CBaseController->renderInternal('C:\\xampp\\htdocs...', NULL, true)
#7 C:\xampp\htdocs\yii-1.1.19.5790cb\framework\web\CController.php(872): CBaseController->renderFile('C:\\xampp\\htdocs...', NULL, true)
#8 C:\xampp\htdocs\yii-1.1.19.5790cb\framework\web\CController.php(785): CController->renderPartial('index', NULL, true)
#9 C:\xampp\htdocs\PrinterManager\protected\controllers\RoomController.php(6): CController->render('index')
#10 C:\xampp\htdocs\yii-1.1.19.5790cb\framework\web\actions\CInlineAction.php(49): RoomController->actionIndex()
#11 C:\xampp\htdocs\yii-1.1.19.5790cb\framework\web\CController.php(308): CInlineAction->runWithParams(Array)
#12 C:\xampp\htdocs\yii-1.1.19.5790cb\framework\web\CController.php(286): CController->runAction(Object(CInlineAction))
#13 C:\xampp\htdocs\yii-1.1.19.5790cb\framework\web\CController.php(265): CController->runActionWithFilters(Object(CInlineAction), Array)
#14 C:\xampp\htdocs\yii-1.1.19.5790cb\framework\web\CWebApplication.php(282): CController->run('index')
#15 C:\xampp\htdocs\yii-1.1.19.5790cb\framework\web\CWebApplication.php(141): CWebApplication->runController('room/index')
#16 C:\xampp\htdocs\yii-1.1.19.5790cb\framework\base\CApplication.php(185): CWebApplication->processRequest()
#17 C:\xampp\htdocs\PrinterManager\index.php(13): CApplication->run()
#18 {main}
REQUEST_URI=/printermanager/index.php?r=room/index
HTTP_REFERER=http://localhost:81/printermanager/index.php?r=room/index
---
2018/07/10 12:41:28 [error] [exception.CException] CException: Property "RoomController.baseScriptUrl" is not defined. in C:\xampp\htdocs\yii-1.1.19.5790cb\framework\base\CComponent.php:130
Stack trace:
#0 C:\xampp\htdocs\yii-1.1.19.5790cb\framework\zii\widgets\grid\CButtonColumn.php(224): CComponent->__get('baseScriptUrl')
#1 C:\xampp\htdocs\yii-1.1.19.5790cb\framework\zii\widgets\grid\CButtonColumn.php(194): CButtonColumn->initDefaultButtons()
#2 C:\xampp\htdocs\yii-1.1.19.5790cb\framework\web\CBaseController.php(147): CButtonColumn->init()
#3 C:\xampp\htdocs\yii-1.1.19.5790cb\framework\web\CBaseController.php(181): CBaseController->createWidget('zii.widgets.gri...', Array)
#4 C:\xampp\htdocs\PrinterManager\protected\views\room\index.php(16): CBaseController->widget('zii.widgets.gri...', Array)
#5 C:\xampp\htdocs\yii-1.1.19.5790cb\framework\web\CBaseController.php(126): require('C:\\xampp\\htdocs...')
#6 C:\xampp\htdocs\yii-1.1.19.5790cb\framework\web\CBaseController.php(95): CBaseController->renderInternal('C:\\xampp\\htdocs...', NULL, true)
#7 C:\xampp\htdocs\yii-1.1.19.5790cb\framework\web\CController.php(872): CBaseController->renderFile('C:\\xampp\\htdocs...', NULL, true)
#8 C:\xampp\htdocs\yii-1.1.19.5790cb\framework\web\CController.php(785): CController->renderPartial('index', NULL, true)
#9 C:\xampp\htdocs\PrinterManager\protected\controllers\RoomController.php(6): CController->render('index')
#10 C:\xampp\htdocs\yii-1.1.19.5790cb\framework\web\actions\CInlineAction.php(49): RoomController->actionIndex()
#11 C:\xampp\htdocs\yii-1.1.19.5790cb\framework\web\CController.php(308): CInlineAction->runWithParams(Array)
#12 C:\xampp\htdocs\yii-1.1.19.5790cb\framework\web\CController.php(286): CController->runAction(Object(CInlineAction))
#13 C:\xampp\htdocs\yii-1.1.19.5790cb\framework\web\CController.php(265): CController->runActionWithFilters(Object(CInlineAction), Array)
#14 C:\xampp\htdocs\yii-1.1.19.5790cb\framework\web\CWebApplication.php(282): CController->run('index')
#15 C:\xampp\htdocs\yii-1.1.19.5790cb\framework\web\CWebApplication.php(141): CWebApplication->runController('room/index')
#16 C:\xampp\htdocs\yii-1.1.19.5790cb\framework\base\CApplication.php(185): CWebApplication->processRequest()
#17 C:\xampp\htdocs\PrinterManager\index.php(13): CApplication->run()
#18 {main}
REQUEST_URI=/printermanager/index.php?r=room/index
HTTP_REFERER=http://localhost:81/printermanager/index.php?r=room/index
---
2018/07/10 12:43:04 [error] [exception.ParseError] ParseError: syntax error, unexpected ')' in C:\xampp\htdocs\PrinterManager\protected\views\room\index.php:22
Stack trace:
#0 C:\xampp\htdocs\yii-1.1.19.5790cb\framework\web\CBaseController.php(95): CBaseController->renderInternal('C:\\xampp\\htdocs...', NULL, true)
#1 C:\xampp\htdocs\yii-1.1.19.5790cb\framework\web\CController.php(872): CBaseController->renderFile('C:\\xampp\\htdocs...', NULL, true)
#2 C:\xampp\htdocs\yii-1.1.19.5790cb\framework\web\CController.php(785): CController->renderPartial('index', NULL, true)
#3 C:\xampp\htdocs\PrinterManager\protected\controllers\RoomController.php(6): CController->render('index')
#4 C:\xampp\htdocs\yii-1.1.19.5790cb\framework\web\actions\CInlineAction.php(49): RoomController->actionIndex()
#5 C:\xampp\htdocs\yii-1.1.19.5790cb\framework\web\CController.php(308): CInlineAction->runWithParams(Array)
#6 C:\xampp\htdocs\yii-1.1.19.5790cb\framework\web\CController.php(286): CController->runAction(Object(CInlineAction))
#7 C:\xampp\htdocs\yii-1.1.19.5790cb\framework\web\CController.php(265): CController->runActionWithFilters(Object(CInlineAction), Array)
#8 C:\xampp\htdocs\yii-1.1.19.5790cb\framework\web\CWebApplication.php(282): CController->run('index')
#9 C:\xampp\htdocs\yii-1.1.19.5790cb\framework\web\CWebApplication.php(141): CWebApplication->runController('room/index')
#10 C:\xampp\htdocs\yii-1.1.19.5790cb\framework\base\CApplication.php(185): CWebApplication->processRequest()
#11 C:\xampp\htdocs\PrinterManager\index.php(13): CApplication->run()
#12 {main}
REQUEST_URI=/printermanager/index.php?r=room/index
HTTP_REFERER=http://localhost:81/printermanager/index.php?r=room/index
---
2018/07/10 12:43:14 [error] [exception.ParseError] ParseError: syntax error, unexpected ')' in C:\xampp\htdocs\PrinterManager\protected\views\room\index.php:22
Stack trace:
#0 C:\xampp\htdocs\yii-1.1.19.5790cb\framework\web\CBaseController.php(95): CBaseController->renderInternal('C:\\xampp\\htdocs...', NULL, true)
#1 C:\xampp\htdocs\yii-1.1.19.5790cb\framework\web\CController.php(872): CBaseController->renderFile('C:\\xampp\\htdocs...', NULL, true)
#2 C:\xampp\htdocs\yii-1.1.19.5790cb\framework\web\CController.php(785): CController->renderPartial('index', NULL, true)
#3 C:\xampp\htdocs\PrinterManager\protected\controllers\RoomController.php(6): CController->render('index')
#4 C:\xampp\htdocs\yii-1.1.19.5790cb\framework\web\actions\CInlineAction.php(49): RoomController->actionIndex()
#5 C:\xampp\htdocs\yii-1.1.19.5790cb\framework\web\CController.php(308): CInlineAction->runWithParams(Array)
#6 C:\xampp\htdocs\yii-1.1.19.5790cb\framework\web\CController.php(286): CController->runAction(Object(CInlineAction))
#7 C:\xampp\htdocs\yii-1.1.19.5790cb\framework\web\CController.php(265): CController->runActionWithFilters(Object(CInlineAction), Array)
#8 C:\xampp\htdocs\yii-1.1.19.5790cb\framework\web\CWebApplication.php(282): CController->run('index')
#9 C:\xampp\htdocs\yii-1.1.19.5790cb\framework\web\CWebApplication.php(141): CWebApplication->runController('room/index')
#10 C:\xampp\htdocs\yii-1.1.19.5790cb\framework\base\CApplication.php(185): CWebApplication->processRequest()
#11 C:\xampp\htdocs\PrinterManager\index.php(13): CApplication->run()
#12 {main}
REQUEST_URI=/printermanager/index.php?r=room/index
HTTP_REFERER=http://localhost:81/printermanager/index.php?r=room/index
---
2018/07/10 12:43:25 [error] [exception.ParseError] ParseError: syntax error, unexpected ')' in C:\xampp\htdocs\PrinterManager\protected\views\room\index.php:22
Stack trace:
#0 C:\xampp\htdocs\yii-1.1.19.5790cb\framework\web\CBaseController.php(95): CBaseController->renderInternal('C:\\xampp\\htdocs...', NULL, true)
#1 C:\xampp\htdocs\yii-1.1.19.5790cb\framework\web\CController.php(872): CBaseController->renderFile('C:\\xampp\\htdocs...', NULL, true)
#2 C:\xampp\htdocs\yii-1.1.19.5790cb\framework\web\CController.php(785): CController->renderPartial('index', NULL, true)
#3 C:\xampp\htdocs\PrinterManager\protected\controllers\RoomController.php(6): CController->render('index')
#4 C:\xampp\htdocs\yii-1.1.19.5790cb\framework\web\actions\CInlineAction.php(49): RoomController->actionIndex()
#5 C:\xampp\htdocs\yii-1.1.19.5790cb\framework\web\CController.php(308): CInlineAction->runWithParams(Array)
#6 C:\xampp\htdocs\yii-1.1.19.5790cb\framework\web\CController.php(286): CController->runAction(Object(CInlineAction))
#7 C:\xampp\htdocs\yii-1.1.19.5790cb\framework\web\CController.php(265): CController->runActionWithFilters(Object(CInlineAction), Array)
#8 C:\xampp\htdocs\yii-1.1.19.5790cb\framework\web\CWebApplication.php(282): CController->run('index')
#9 C:\xampp\htdocs\yii-1.1.19.5790cb\framework\web\CWebApplication.php(141): CWebApplication->runController('room/index')
#10 C:\xampp\htdocs\yii-1.1.19.5790cb\framework\base\CApplication.php(185): CWebApplication->processRequest()
#11 C:\xampp\htdocs\PrinterManager\index.php(13): CApplication->run()
#12 {main}
REQUEST_URI=/printermanager/index.php?r=room/index
HTTP_REFERER=http://localhost:81/printermanager/index.php?r=room/index
---
2018/07/10 12:45:51 [error] [exception.CException] CException: Property "CButtonColumn.buttonType" is not defined. in C:\xampp\htdocs\yii-1.1.19.5790cb\framework\base\CComponent.php:173
Stack trace:
#0 C:\xampp\htdocs\yii-1.1.19.5790cb\framework\web\CWidgetFactory.php(161): CComponent->__set('buttonType', 'submit')
#1 C:\xampp\htdocs\yii-1.1.19.5790cb\framework\web\CBaseController.php(146): CWidgetFactory->createWidget(Object(RoomController), 'CButtonColumn', Array)
#2 C:\xampp\htdocs\yii-1.1.19.5790cb\framework\web\CBaseController.php(181): CBaseController->createWidget('zii.widgets.gri...', Array)
#3 C:\xampp\htdocs\PrinterManager\protected\views\room\index.php(19): CBaseController->widget('zii.widgets.gri...', Array)
#4 C:\xampp\htdocs\yii-1.1.19.5790cb\framework\web\CBaseController.php(126): require('C:\\xampp\\htdocs...')
#5 C:\xampp\htdocs\yii-1.1.19.5790cb\framework\web\CBaseController.php(95): CBaseController->renderInternal('C:\\xampp\\htdocs...', NULL, true)
#6 C:\xampp\htdocs\yii-1.1.19.5790cb\framework\web\CController.php(872): CBaseController->renderFile('C:\\xampp\\htdocs...', NULL, true)
#7 C:\xampp\htdocs\yii-1.1.19.5790cb\framework\web\CController.php(785): CController->renderPartial('index', NULL, true)
#8 C:\xampp\htdocs\PrinterManager\protected\controllers\RoomController.php(6): CController->render('index')
#9 C:\xampp\htdocs\yii-1.1.19.5790cb\framework\web\actions\CInlineAction.php(49): RoomController->actionIndex()
#10 C:\xampp\htdocs\yii-1.1.19.5790cb\framework\web\CController.php(308): CInlineAction->runWithParams(Array)
#11 C:\xampp\htdocs\yii-1.1.19.5790cb\framework\web\CController.php(286): CController->runAction(Object(CInlineAction))
#12 C:\xampp\htdocs\yii-1.1.19.5790cb\framework\web\CController.php(265): CController->runActionWithFilters(Object(CInlineAction), Array)
#13 C:\xampp\htdocs\yii-1.1.19.5790cb\framework\web\CWebApplication.php(282): CController->run('index')
#14 C:\xampp\htdocs\yii-1.1.19.5790cb\framework\web\CWebApplication.php(141): CWebApplication->runController('room/index')
#15 C:\xampp\htdocs\yii-1.1.19.5790cb\framework\base\CApplication.php(185): CWebApplication->processRequest()
#16 C:\xampp\htdocs\PrinterManager\index.php(13): CApplication->run()
#17 {main}
REQUEST_URI=/printermanager/index.php?r=room/index
HTTP_REFERER=http://localhost:81/printermanager/index.php?r=room/index
---
2018/07/10 12:45:57 [error] [exception.CException] CException: Property "RoomController.baseScriptUrl" is not defined. in C:\xampp\htdocs\yii-1.1.19.5790cb\framework\base\CComponent.php:130
Stack trace:
#0 C:\xampp\htdocs\yii-1.1.19.5790cb\framework\zii\widgets\grid\CButtonColumn.php(224): CComponent->__get('baseScriptUrl')
#1 C:\xampp\htdocs\yii-1.1.19.5790cb\framework\zii\widgets\grid\CButtonColumn.php(194): CButtonColumn->initDefaultButtons()
#2 C:\xampp\htdocs\yii-1.1.19.5790cb\framework\web\CBaseController.php(147): CButtonColumn->init()
#3 C:\xampp\htdocs\yii-1.1.19.5790cb\framework\web\CBaseController.php(181): CBaseController->createWidget('zii.widgets.gri...', Array)
#4 C:\xampp\htdocs\PrinterManager\protected\views\room\index.php(20): CBaseController->widget('zii.widgets.gri...', Array)
#5 C:\xampp\htdocs\yii-1.1.19.5790cb\framework\web\CBaseController.php(126): require('C:\\xampp\\htdocs...')
#6 C:\xampp\htdocs\yii-1.1.19.5790cb\framework\web\CBaseController.php(95): CBaseController->renderInternal('C:\\xampp\\htdocs...', NULL, true)
#7 C:\xampp\htdocs\yii-1.1.19.5790cb\framework\web\CController.php(872): CBaseController->renderFile('C:\\xampp\\htdocs...', NULL, true)
#8 C:\xampp\htdocs\yii-1.1.19.5790cb\framework\web\CController.php(785): CController->renderPartial('index', NULL, true)
#9 C:\xampp\htdocs\PrinterManager\protected\controllers\RoomController.php(6): CController->render('index')
#10 C:\xampp\htdocs\yii-1.1.19.5790cb\framework\web\actions\CInlineAction.php(49): RoomController->actionIndex()
#11 C:\xampp\htdocs\yii-1.1.19.5790cb\framework\web\CController.php(308): CInlineAction->runWithParams(Array)
#12 C:\xampp\htdocs\yii-1.1.19.5790cb\framework\web\CController.php(286): CController->runAction(Object(CInlineAction))
#13 C:\xampp\htdocs\yii-1.1.19.5790cb\framework\web\CController.php(265): CController->runActionWithFilters(Object(CInlineAction), Array)
#14 C:\xampp\htdocs\yii-1.1.19.5790cb\framework\web\CWebApplication.php(282): CController->run('index')
#15 C:\xampp\htdocs\yii-1.1.19.5790cb\framework\web\CWebApplication.php(141): CWebApplication->runController('room/index')
#16 C:\xampp\htdocs\yii-1.1.19.5790cb\framework\base\CApplication.php(185): CWebApplication->processRequest()
#17 C:\xampp\htdocs\PrinterManager\index.php(13): CApplication->run()
#18 {main}
REQUEST_URI=/printermanager/index.php?r=room/index
HTTP_REFERER=http://localhost:81/printermanager/index.php?r=room/index
---
